<?xml version="1.0" encoding="UTF-8"?>
<testng-results ignored="0" total="2" passed="2" failed="0" skipped="0">
  <reporter-output>
  </reporter-output>
  <suite started-at="2024-09-17T14:54:30 IST" name="TestSuite" finished-at="2024-09-17T14:54:40 IST" duration-ms="9186">
    <groups>
    </groups>
    <test started-at="2024-09-17T14:54:30 IST" name="Test" finished-at="2024-09-17T14:54:40 IST" duration-ms="9186">
      <class name="Test.launchBrowser">
        <test-method signature="launchFireFox()[pri:0, instance:Test.launchBrowser@3b77a04f]" started-at="2024-09-17T14:54:30 IST" name="launchFireFox" finished-at="2024-09-17T14:54:40 IST" duration-ms="9066" status="PASS">
          <reporter-output>
          </reporter-output>
        </test-method> <!-- launchFireFox -->
        <test-method signature="launchChrome()[pri:0, instance:Test.launchBrowser@3b77a04f]" started-at="2024-09-17T14:54:30 IST" name="launchChrome" finished-at="2024-09-17T14:54:39 IST" duration-ms="8068" status="PASS">
          <reporter-output>
          </reporter-output>
        </test-method> <!-- launchChrome -->
      </class> <!-- Test.launchBrowser -->
    </test> <!-- Test -->
  </suite> <!-- TestSuite -->
</testng-results>
