<?xml version="1.0" encoding="UTF-8"?>
<testng-results ignored="0" total="2" passed="2" failed="0" skipped="0">
  <reporter-output>
  </reporter-output>
  <suite started-at="2024-09-17T17:17:31 IST" name="TestSuite" finished-at="2024-09-17T17:17:41 IST" duration-ms="9948">
    <groups>
    </groups>
    <test started-at="2024-09-17T17:17:31 IST" name="Test" finished-at="2024-09-17T17:17:41 IST" duration-ms="9948">
      <class name="Test.launchBrowser">
        <test-method signature="launchFireFox()[pri:0, instance:Test.launchBrowser@3b77a04f]" started-at="2024-09-17T17:17:31 IST" name="launchFireFox" finished-at="2024-09-17T17:17:41 IST" duration-ms="9815" status="PASS">
          <reporter-output>
          </reporter-output>
        </test-method> <!-- launchFireFox -->
        <test-method signature="launchChrome()[pri:0, instance:Test.launchBrowser@3b77a04f]" started-at="2024-09-17T17:17:31 IST" name="launchChrome" finished-at="2024-09-17T17:17:40 IST" duration-ms="8944" status="PASS">
          <reporter-output>
          </reporter-output>
        </test-method> <!-- launchChrome -->
      </class> <!-- Test.launchBrowser -->
    </test> <!-- Test -->
  </suite> <!-- TestSuite -->
</testng-results>
